WARNING - 2024-10-16 19:25:36 --> [DEPRECATED] The PSR-0 `Requests_...` class names in the Requests library are deprecated. Switch to the PSR-4 `WpOrg\Requests\...` class names at your earliest convenience. in VENDORPATH\rmccue\requests\library\Requests.php on line 21.
 1 VENDORPATH\rmccue\requests\library\Requests.php(21): trigger_error('The PSR-0 `Requests_...` class names in the Requests library are deprecated. Switch to the PSR-4 `WpOrg\\Requests\\...` class names at your earliest convenience.', 16384)
 2 VENDORPATH\composer\ClassLoader.php(576): include('C:\\xampp\\htdocs\\Nube\\scopici4\\vendor\\rmccue\\requests\\library\\Requests.php')
 3 VENDORPATH\composer\ClassLoader.php(427): Composer\Autoload\{closure}('C:\\xampp\\htdocs\\Nube\\scopici4\\vendor\\composer/../rmccue/requests/library/Requests.php')
 4 APPPATH\Controllers\Login.php(38): Composer\Autoload\ClassLoader->loadClass('Requests')
 5 SYSTEMPATH\CodeIgniter.php(933): App\Controllers\Login->validaUsuario()
 6 SYSTEMPATH\CodeIgniter.php(509): CodeIgniter\CodeIgniter->runController(Object(App\Controllers\Login))
 7 SYSTEMPATH\CodeIgniter.php(355): CodeIgniter\CodeIgniter->handleRequest(null, Object(Config\Cache), false)
 8 SYSTEMPATH\Boot.php(325): CodeIgniter\CodeIgniter->run()
 9 SYSTEMPATH\Boot.php(67): CodeIgniter\Boot::runCodeIgniter(Object(CodeIgniter\CodeIgniter))
10 FCPATH\index.php(56): CodeIgniter\Boot::bootWeb(Object(Config\Paths))
ERROR - 2024-10-16 19:25:42 --> Error connecting to the database: mysqli_sql_exception: No se puede establecer una conexión ya que el equipo de destino denegó expresamente dicha conexión in C:\xampp\htdocs\Nube\scopici4\system\Database\MySQLi\Connection.php:186
Stack trace:
#0 C:\xampp\htdocs\Nube\scopici4\system\Database\MySQLi\Connection.php(186): mysqli->real_connect('localhost', 'root', Object(SensitiveParameterValue), 'scopi2024', 3306, '', 0)
#1 C:\xampp\htdocs\Nube\scopici4\system\Database\BaseConnection.php(421): CodeIgniter\Database\MySQLi\Connection->connect(false)
#2 C:\xampp\htdocs\Nube\scopici4\system\Database\BaseConnection.php(616): CodeIgniter\Database\BaseConnection->initialize()
#3 C:\xampp\htdocs\Nube\scopici4\app\Models\AccesoModel.php(9): CodeIgniter\Database\BaseConnection->query('SELECT * FROM s...', Array)
#4 C:\xampp\htdocs\Nube\scopici4\app\Controllers\Login.php(43): App\Models\AccesoModel->buscaUsuario('admin')
#5 C:\xampp\htdocs\Nube\scopici4\system\CodeIgniter.php(933): App\Controllers\Login->validaUsuario()
#6 C:\xampp\htdocs\Nube\scopici4\system\CodeIgniter.php(509): CodeIgniter\CodeIgniter->runController(Object(App\Controllers\Login))
#7 C:\xampp\htdocs\Nube\scopici4\system\CodeIgniter.php(355): CodeIgniter\CodeIgniter->handleRequest(NULL, Object(Config\Cache), false)
#8 C:\xampp\htdocs\Nube\scopici4\system\Boot.php(325): CodeIgniter\CodeIgniter->run()
#9 C:\xampp\htdocs\Nube\scopici4\system\Boot.php(67): CodeIgniter\Boot::runCodeIgniter(Object(CodeIgniter\CodeIgniter))
#10 C:\xampp\htdocs\Nube\scopici4\public\index.php(56): CodeIgniter\Boot::bootWeb(Object(Config\Paths))
#11 {main}

Next CodeIgniter\Database\Exceptions\DatabaseException: No se puede establecer una conexión ya que el equipo de destino denegó expresamente dicha conexión in C:\xampp\htdocs\Nube\scopici4\system\Database\MySQLi\Connection.php:231
Stack trace:
#0 C:\xampp\htdocs\Nube\scopici4\system\Database\BaseConnection.php(421): CodeIgniter\Database\MySQLi\Connection->connect(false)
#1 C:\xampp\htdocs\Nube\scopici4\system\Database\BaseConnection.php(616): CodeIgniter\Database\BaseConnection->initialize()
#2 C:\xampp\htdocs\Nube\scopici4\app\Models\AccesoModel.php(9): CodeIgniter\Database\BaseConnection->query('SELECT * FROM s...', Array)
#3 C:\xampp\htdocs\Nube\scopici4\app\Controllers\Login.php(43): App\Models\AccesoModel->buscaUsuario('admin')
#4 C:\xampp\htdocs\Nube\scopici4\system\CodeIgniter.php(933): App\Controllers\Login->validaUsuario()
#5 C:\xampp\htdocs\Nube\scopici4\system\CodeIgniter.php(509): CodeIgniter\CodeIgniter->runController(Object(App\Controllers\Login))
#6 C:\xampp\htdocs\Nube\scopici4\system\CodeIgniter.php(355): CodeIgniter\CodeIgniter->handleRequest(NULL, Object(Config\Cache), false)
#7 C:\xampp\htdocs\Nube\scopici4\system\Boot.php(325): CodeIgniter\CodeIgniter->run()
#8 C:\xampp\htdocs\Nube\scopici4\system\Boot.php(67): CodeIgniter\Boot::runCodeIgniter(Object(CodeIgniter\CodeIgniter))
#9 C:\xampp\htdocs\Nube\scopici4\public\index.php(56): CodeIgniter\Boot::bootWeb(Object(Config\Paths))
#10 {main}
CRITICAL - 2024-10-16 19:25:42 --> CodeIgniter\Database\Exceptions\DatabaseException: Unable to connect to the database.
Main connection [MySQLi]: No se puede establecer una conexión ya que el equipo de destino denegó expresamente dicha conexión
[Method: POST, Route: login/validaUsuario]
in SYSTEMPATH\Database\BaseConnection.php on line 467.
 1 SYSTEMPATH\Database\BaseConnection.php(616): CodeIgniter\Database\BaseConnection->initialize()
 2 APPPATH\Models\AccesoModel.php(9): CodeIgniter\Database\BaseConnection->query('SELECT * FROM scp_usuarios JOIN scp_roles ON usu_rol=rol_id WHERE usu_login = ?', [...])
 3 APPPATH\Controllers\Login.php(43): App\Models\AccesoModel->buscaUsuario('admin')
 4 SYSTEMPATH\CodeIgniter.php(933): App\Controllers\Login->validaUsuario()
 5 SYSTEMPATH\CodeIgniter.php(509): CodeIgniter\CodeIgniter->runController(Object(App\Controllers\Login))
 6 SYSTEMPATH\CodeIgniter.php(355): CodeIgniter\CodeIgniter->handleRequest(null, Object(Config\Cache), false)
 7 SYSTEMPATH\Boot.php(325): CodeIgniter\CodeIgniter->run()
 8 SYSTEMPATH\Boot.php(67): CodeIgniter\Boot::runCodeIgniter(Object(CodeIgniter\CodeIgniter))
 9 FCPATH\index.php(56): CodeIgniter\Boot::bootWeb(Object(Config\Paths))
WARNING - 2024-10-16 19:26:07 --> [DEPRECATED] strtolower(): Passing null to parameter #1 ($string) of type string is deprecated in APPPATH\Controllers\Login.php on line 25.
 1 APPPATH\Controllers\Login.php(25): strtolower(null)
 2 SYSTEMPATH\CodeIgniter.php(933): App\Controllers\Login->validaUsuario()
 3 SYSTEMPATH\CodeIgniter.php(509): CodeIgniter\CodeIgniter->runController(Object(App\Controllers\Login))
 4 SYSTEMPATH\CodeIgniter.php(355): CodeIgniter\CodeIgniter->handleRequest(null, Object(Config\Cache), false)
 5 SYSTEMPATH\Boot.php(325): CodeIgniter\CodeIgniter->run()
 6 SYSTEMPATH\Boot.php(67): CodeIgniter\Boot::runCodeIgniter(Object(CodeIgniter\CodeIgniter))
 7 FCPATH\index.php(56): CodeIgniter\Boot::bootWeb(Object(Config\Paths))
WARNING - 2024-10-16 19:26:07 --> [DEPRECATED] The PSR-0 `Requests_...` class names in the Requests library are deprecated. Switch to the PSR-4 `WpOrg\Requests\...` class names at your earliest convenience. in VENDORPATH\rmccue\requests\library\Requests.php on line 21.
 1 VENDORPATH\rmccue\requests\library\Requests.php(21): trigger_error('The PSR-0 `Requests_...` class names in the Requests library are deprecated. Switch to the PSR-4 `WpOrg\\Requests\\...` class names at your earliest convenience.', 16384)
 2 VENDORPATH\composer\ClassLoader.php(576): include('C:\\xampp\\htdocs\\Nube\\scopici4\\vendor\\rmccue\\requests\\library\\Requests.php')
 3 VENDORPATH\composer\ClassLoader.php(427): Composer\Autoload\{closure}('C:\\xampp\\htdocs\\Nube\\scopici4\\vendor\\composer/../rmccue/requests/library/Requests.php')
 4 APPPATH\Controllers\Login.php(38): Composer\Autoload\ClassLoader->loadClass('Requests')
 5 SYSTEMPATH\CodeIgniter.php(933): App\Controllers\Login->validaUsuario()
 6 SYSTEMPATH\CodeIgniter.php(509): CodeIgniter\CodeIgniter->runController(Object(App\Controllers\Login))
 7 SYSTEMPATH\CodeIgniter.php(355): CodeIgniter\CodeIgniter->handleRequest(null, Object(Config\Cache), false)
 8 SYSTEMPATH\Boot.php(325): CodeIgniter\CodeIgniter->run()
 9 SYSTEMPATH\Boot.php(67): CodeIgniter\Boot::runCodeIgniter(Object(CodeIgniter\CodeIgniter))
10 FCPATH\index.php(56): CodeIgniter\Boot::bootWeb(Object(Config\Paths))
ERROR - 2024-10-16 19:26:12 --> Error connecting to the database: mysqli_sql_exception: No se puede establecer una conexión ya que el equipo de destino denegó expresamente dicha conexión in C:\xampp\htdocs\Nube\scopici4\system\Database\MySQLi\Connection.php:186
Stack trace:
#0 C:\xampp\htdocs\Nube\scopici4\system\Database\MySQLi\Connection.php(186): mysqli->real_connect('localhost', 'root', Object(SensitiveParameterValue), 'scopi2024', 3306, '', 0)
#1 C:\xampp\htdocs\Nube\scopici4\system\Database\BaseConnection.php(421): CodeIgniter\Database\MySQLi\Connection->connect(false)
#2 C:\xampp\htdocs\Nube\scopici4\system\Database\BaseConnection.php(616): CodeIgniter\Database\BaseConnection->initialize()
#3 C:\xampp\htdocs\Nube\scopici4\app\Models\AccesoModel.php(9): CodeIgniter\Database\BaseConnection->query('SELECT * FROM s...', Array)
#4 C:\xampp\htdocs\Nube\scopici4\app\Controllers\Login.php(43): App\Models\AccesoModel->buscaUsuario('')
#5 C:\xampp\htdocs\Nube\scopici4\system\CodeIgniter.php(933): App\Controllers\Login->validaUsuario()
#6 C:\xampp\htdocs\Nube\scopici4\system\CodeIgniter.php(509): CodeIgniter\CodeIgniter->runController(Object(App\Controllers\Login))
#7 C:\xampp\htdocs\Nube\scopici4\system\CodeIgniter.php(355): CodeIgniter\CodeIgniter->handleRequest(NULL, Object(Config\Cache), false)
#8 C:\xampp\htdocs\Nube\scopici4\system\Boot.php(325): CodeIgniter\CodeIgniter->run()
#9 C:\xampp\htdocs\Nube\scopici4\system\Boot.php(67): CodeIgniter\Boot::runCodeIgniter(Object(CodeIgniter\CodeIgniter))
#10 C:\xampp\htdocs\Nube\scopici4\public\index.php(56): CodeIgniter\Boot::bootWeb(Object(Config\Paths))
#11 {main}

Next CodeIgniter\Database\Exceptions\DatabaseException: No se puede establecer una conexión ya que el equipo de destino denegó expresamente dicha conexión in C:\xampp\htdocs\Nube\scopici4\system\Database\MySQLi\Connection.php:231
Stack trace:
#0 C:\xampp\htdocs\Nube\scopici4\system\Database\BaseConnection.php(421): CodeIgniter\Database\MySQLi\Connection->connect(false)
#1 C:\xampp\htdocs\Nube\scopici4\system\Database\BaseConnection.php(616): CodeIgniter\Database\BaseConnection->initialize()
#2 C:\xampp\htdocs\Nube\scopici4\app\Models\AccesoModel.php(9): CodeIgniter\Database\BaseConnection->query('SELECT * FROM s...', Array)
#3 C:\xampp\htdocs\Nube\scopici4\app\Controllers\Login.php(43): App\Models\AccesoModel->buscaUsuario('')
#4 C:\xampp\htdocs\Nube\scopici4\system\CodeIgniter.php(933): App\Controllers\Login->validaUsuario()
#5 C:\xampp\htdocs\Nube\scopici4\system\CodeIgniter.php(509): CodeIgniter\CodeIgniter->runController(Object(App\Controllers\Login))
#6 C:\xampp\htdocs\Nube\scopici4\system\CodeIgniter.php(355): CodeIgniter\CodeIgniter->handleRequest(NULL, Object(Config\Cache), false)
#7 C:\xampp\htdocs\Nube\scopici4\system\Boot.php(325): CodeIgniter\CodeIgniter->run()
#8 C:\xampp\htdocs\Nube\scopici4\system\Boot.php(67): CodeIgniter\Boot::runCodeIgniter(Object(CodeIgniter\CodeIgniter))
#9 C:\xampp\htdocs\Nube\scopici4\public\index.php(56): CodeIgniter\Boot::bootWeb(Object(Config\Paths))
#10 {main}
CRITICAL - 2024-10-16 19:26:12 --> CodeIgniter\Database\Exceptions\DatabaseException: Unable to connect to the database.
Main connection [MySQLi]: No se puede establecer una conexión ya que el equipo de destino denegó expresamente dicha conexión
[Method: GET, Route: login/validaUsuario]
in SYSTEMPATH\Database\BaseConnection.php on line 467.
 1 SYSTEMPATH\Database\BaseConnection.php(616): CodeIgniter\Database\BaseConnection->initialize()
 2 APPPATH\Models\AccesoModel.php(9): CodeIgniter\Database\BaseConnection->query('SELECT * FROM scp_usuarios JOIN scp_roles ON usu_rol=rol_id WHERE usu_login = ?', [...])
 3 APPPATH\Controllers\Login.php(43): App\Models\AccesoModel->buscaUsuario('')
 4 SYSTEMPATH\CodeIgniter.php(933): App\Controllers\Login->validaUsuario()
 5 SYSTEMPATH\CodeIgniter.php(509): CodeIgniter\CodeIgniter->runController(Object(App\Controllers\Login))
 6 SYSTEMPATH\CodeIgniter.php(355): CodeIgniter\CodeIgniter->handleRequest(null, Object(Config\Cache), false)
 7 SYSTEMPATH\Boot.php(325): CodeIgniter\CodeIgniter->run()
 8 SYSTEMPATH\Boot.php(67): CodeIgniter\Boot::runCodeIgniter(Object(CodeIgniter\CodeIgniter))
 9 FCPATH\index.php(56): CodeIgniter\Boot::bootWeb(Object(Config\Paths))
WARNING - 2024-10-16 19:26:16 --> [DEPRECATED] The PSR-0 `Requests_...` class names in the Requests library are deprecated. Switch to the PSR-4 `WpOrg\Requests\...` class names at your earliest convenience. in VENDORPATH\rmccue\requests\library\Requests.php on line 21.
 1 VENDORPATH\rmccue\requests\library\Requests.php(21): trigger_error('The PSR-0 `Requests_...` class names in the Requests library are deprecated. Switch to the PSR-4 `WpOrg\\Requests\\...` class names at your earliest convenience.', 16384)
 2 VENDORPATH\composer\ClassLoader.php(576): include('C:\\xampp\\htdocs\\Nube\\scopici4\\vendor\\rmccue\\requests\\library\\Requests.php')
 3 VENDORPATH\composer\ClassLoader.php(427): Composer\Autoload\{closure}('C:\\xampp\\htdocs\\Nube\\scopici4\\vendor\\composer/../rmccue/requests/library/Requests.php')
 4 APPPATH\Controllers\Login.php(38): Composer\Autoload\ClassLoader->loadClass('Requests')
 5 SYSTEMPATH\CodeIgniter.php(933): App\Controllers\Login->validaUsuario()
 6 SYSTEMPATH\CodeIgniter.php(509): CodeIgniter\CodeIgniter->runController(Object(App\Controllers\Login))
 7 SYSTEMPATH\CodeIgniter.php(355): CodeIgniter\CodeIgniter->handleRequest(null, Object(Config\Cache), false)
 8 SYSTEMPATH\Boot.php(325): CodeIgniter\CodeIgniter->run()
 9 SYSTEMPATH\Boot.php(67): CodeIgniter\Boot::runCodeIgniter(Object(CodeIgniter\CodeIgniter))
10 FCPATH\index.php(56): CodeIgniter\Boot::bootWeb(Object(Config\Paths))
ERROR - 2024-10-16 19:26:22 --> Error connecting to the database: mysqli_sql_exception: No se puede establecer una conexión ya que el equipo de destino denegó expresamente dicha conexión in C:\xampp\htdocs\Nube\scopici4\system\Database\MySQLi\Connection.php:186
Stack trace:
#0 C:\xampp\htdocs\Nube\scopici4\system\Database\MySQLi\Connection.php(186): mysqli->real_connect('localhost', 'root', Object(SensitiveParameterValue), 'scopi2024', 3306, '', 0)
#1 C:\xampp\htdocs\Nube\scopici4\system\Database\BaseConnection.php(421): CodeIgniter\Database\MySQLi\Connection->connect(false)
#2 C:\xampp\htdocs\Nube\scopici4\system\Database\BaseConnection.php(616): CodeIgniter\Database\BaseConnection->initialize()
#3 C:\xampp\htdocs\Nube\scopici4\app\Models\AccesoModel.php(9): CodeIgniter\Database\BaseConnection->query('SELECT * FROM s...', Array)
#4 C:\xampp\htdocs\Nube\scopici4\app\Controllers\Login.php(43): App\Models\AccesoModel->buscaUsuario('admin')
#5 C:\xampp\htdocs\Nube\scopici4\system\CodeIgniter.php(933): App\Controllers\Login->validaUsuario()
#6 C:\xampp\htdocs\Nube\scopici4\system\CodeIgniter.php(509): CodeIgniter\CodeIgniter->runController(Object(App\Controllers\Login))
#7 C:\xampp\htdocs\Nube\scopici4\system\CodeIgniter.php(355): CodeIgniter\CodeIgniter->handleRequest(NULL, Object(Config\Cache), false)
#8 C:\xampp\htdocs\Nube\scopici4\system\Boot.php(325): CodeIgniter\CodeIgniter->run()
#9 C:\xampp\htdocs\Nube\scopici4\system\Boot.php(67): CodeIgniter\Boot::runCodeIgniter(Object(CodeIgniter\CodeIgniter))
#10 C:\xampp\htdocs\Nube\scopici4\public\index.php(56): CodeIgniter\Boot::bootWeb(Object(Config\Paths))
#11 {main}

Next CodeIgniter\Database\Exceptions\DatabaseException: No se puede establecer una conexión ya que el equipo de destino denegó expresamente dicha conexión in C:\xampp\htdocs\Nube\scopici4\system\Database\MySQLi\Connection.php:231
Stack trace:
#0 C:\xampp\htdocs\Nube\scopici4\system\Database\BaseConnection.php(421): CodeIgniter\Database\MySQLi\Connection->connect(false)
#1 C:\xampp\htdocs\Nube\scopici4\system\Database\BaseConnection.php(616): CodeIgniter\Database\BaseConnection->initialize()
#2 C:\xampp\htdocs\Nube\scopici4\app\Models\AccesoModel.php(9): CodeIgniter\Database\BaseConnection->query('SELECT * FROM s...', Array)
#3 C:\xampp\htdocs\Nube\scopici4\app\Controllers\Login.php(43): App\Models\AccesoModel->buscaUsuario('admin')
#4 C:\xampp\htdocs\Nube\scopici4\system\CodeIgniter.php(933): App\Controllers\Login->validaUsuario()
#5 C:\xampp\htdocs\Nube\scopici4\system\CodeIgniter.php(509): CodeIgniter\CodeIgniter->runController(Object(App\Controllers\Login))
#6 C:\xampp\htdocs\Nube\scopici4\system\CodeIgniter.php(355): CodeIgniter\CodeIgniter->handleRequest(NULL, Object(Config\Cache), false)
#7 C:\xampp\htdocs\Nube\scopici4\system\Boot.php(325): CodeIgniter\CodeIgniter->run()
#8 C:\xampp\htdocs\Nube\scopici4\system\Boot.php(67): CodeIgniter\Boot::runCodeIgniter(Object(CodeIgniter\CodeIgniter))
#9 C:\xampp\htdocs\Nube\scopici4\public\index.php(56): CodeIgniter\Boot::bootWeb(Object(Config\Paths))
#10 {main}
CRITICAL - 2024-10-16 19:26:22 --> CodeIgniter\Database\Exceptions\DatabaseException: Unable to connect to the database.
Main connection [MySQLi]: No se puede establecer una conexión ya que el equipo de destino denegó expresamente dicha conexión
[Method: POST, Route: login/validaUsuario]
in SYSTEMPATH\Database\BaseConnection.php on line 467.
 1 SYSTEMPATH\Database\BaseConnection.php(616): CodeIgniter\Database\BaseConnection->initialize()
 2 APPPATH\Models\AccesoModel.php(9): CodeIgniter\Database\BaseConnection->query('SELECT * FROM scp_usuarios JOIN scp_roles ON usu_rol=rol_id WHERE usu_login = ?', [...])
 3 APPPATH\Controllers\Login.php(43): App\Models\AccesoModel->buscaUsuario('admin')
 4 SYSTEMPATH\CodeIgniter.php(933): App\Controllers\Login->validaUsuario()
 5 SYSTEMPATH\CodeIgniter.php(509): CodeIgniter\CodeIgniter->runController(Object(App\Controllers\Login))
 6 SYSTEMPATH\CodeIgniter.php(355): CodeIgniter\CodeIgniter->handleRequest(null, Object(Config\Cache), false)
 7 SYSTEMPATH\Boot.php(325): CodeIgniter\CodeIgniter->run()
 8 SYSTEMPATH\Boot.php(67): CodeIgniter\Boot::runCodeIgniter(Object(CodeIgniter\CodeIgniter))
 9 FCPATH\index.php(56): CodeIgniter\Boot::bootWeb(Object(Config\Paths))
WARNING - 2024-10-16 19:26:40 --> [DEPRECATED] The PSR-0 `Requests_...` class names in the Requests library are deprecated. Switch to the PSR-4 `WpOrg\Requests\...` class names at your earliest convenience. in VENDORPATH\rmccue\requests\library\Requests.php on line 21.
 1 VENDORPATH\rmccue\requests\library\Requests.php(21): trigger_error('The PSR-0 `Requests_...` class names in the Requests library are deprecated. Switch to the PSR-4 `WpOrg\\Requests\\...` class names at your earliest convenience.', 16384)
 2 VENDORPATH\composer\ClassLoader.php(576): include('C:\\xampp\\htdocs\\Nube\\scopici4\\vendor\\rmccue\\requests\\library\\Requests.php')
 3 VENDORPATH\composer\ClassLoader.php(427): Composer\Autoload\{closure}('C:\\xampp\\htdocs\\Nube\\scopici4\\vendor\\composer/../rmccue/requests/library/Requests.php')
 4 APPPATH\Controllers\Login.php(38): Composer\Autoload\ClassLoader->loadClass('Requests')
 5 SYSTEMPATH\CodeIgniter.php(933): App\Controllers\Login->validaUsuario()
 6 SYSTEMPATH\CodeIgniter.php(509): CodeIgniter\CodeIgniter->runController(Object(App\Controllers\Login))
 7 SYSTEMPATH\CodeIgniter.php(355): CodeIgniter\CodeIgniter->handleRequest(null, Object(Config\Cache), false)
 8 SYSTEMPATH\Boot.php(325): CodeIgniter\CodeIgniter->run()
 9 SYSTEMPATH\Boot.php(67): CodeIgniter\Boot::runCodeIgniter(Object(CodeIgniter\CodeIgniter))
10 FCPATH\index.php(56): CodeIgniter\Boot::bootWeb(Object(Config\Paths))
WARNING - 2024-10-16 19:26:42 --> [DEPRECATED] The PSR-0 `Requests_...` class names in the Requests library are deprecated. Switch to the PSR-4 `WpOrg\Requests\...` class names at your earliest convenience. in VENDORPATH\rmccue\requests\library\Requests.php on line 21.
 1 VENDORPATH\rmccue\requests\library\Requests.php(21): trigger_error('The PSR-0 `Requests_...` class names in the Requests library are deprecated. Switch to the PSR-4 `WpOrg\\Requests\\...` class names at your earliest convenience.', 16384)
 2 VENDORPATH\composer\ClassLoader.php(576): include('C:\\xampp\\htdocs\\Nube\\scopici4\\vendor\\rmccue\\requests\\library\\Requests.php')
 3 VENDORPATH\composer\ClassLoader.php(427): Composer\Autoload\{closure}('C:\\xampp\\htdocs\\Nube\\scopici4\\vendor\\composer/../rmccue/requests/library/Requests.php')
 4 APPPATH\Controllers\Login.php(76): Composer\Autoload\ClassLoader->loadClass('Requests')
 5 SYSTEMPATH\CodeIgniter.php(933): App\Controllers\Login->ponensesion()
 6 SYSTEMPATH\CodeIgniter.php(509): CodeIgniter\CodeIgniter->runController(Object(App\Controllers\Login))
 7 SYSTEMPATH\CodeIgniter.php(355): CodeIgniter\CodeIgniter->handleRequest(null, Object(Config\Cache), false)
 8 SYSTEMPATH\Boot.php(325): CodeIgniter\CodeIgniter->run()
 9 SYSTEMPATH\Boot.php(67): CodeIgniter\Boot::runCodeIgniter(Object(CodeIgniter\CodeIgniter))
10 FCPATH\index.php(56): CodeIgniter\Boot::bootWeb(Object(Config\Paths))
INFO - 2024-10-16 19:26:47 --> Session: Class initialized using 'CodeIgniter\Session\Handlers\DatabaseHandler' driver.
