WARNING - 2024-10-14 18:44:41 --> [DEPRECATED] The PSR-0 `Requests_...` class names in the Requests library are deprecated. Switch to the PSR-4 `WpOrg\Requests\...` class names at your earliest convenience. in VENDORPATH\rmccue\requests\library\Requests.php on line 21.
 1 VENDORPATH\rmccue\requests\library\Requests.php(21): trigger_error('The PSR-0 `Requests_...` class names in the Requests library are deprecated. Switch to the PSR-4 `WpOrg\\Requests\\...` class names at your earliest convenience.', 16384)
 2 VENDORPATH\composer\ClassLoader.php(576): include('C:\\xampp\\htdocs\\Nube\\scopici4\\vendor\\rmccue\\requests\\library\\Requests.php')
 3 VENDORPATH\composer\ClassLoader.php(427): Composer\Autoload\{closure}('C:\\xampp\\htdocs\\Nube\\scopici4\\vendor\\composer/../rmccue/requests/library/Requests.php')
 4 APPPATH\Controllers\Login.php(38): Composer\Autoload\ClassLoader->loadClass('Requests')
 5 SYSTEMPATH\CodeIgniter.php(933): App\Controllers\Login->validaUsuario()
 6 SYSTEMPATH\CodeIgniter.php(509): CodeIgniter\CodeIgniter->runController(Object(App\Controllers\Login))
 7 SYSTEMPATH\CodeIgniter.php(355): CodeIgniter\CodeIgniter->handleRequest(null, Object(Config\Cache), false)
 8 SYSTEMPATH\Boot.php(325): CodeIgniter\CodeIgniter->run()
 9 SYSTEMPATH\Boot.php(67): CodeIgniter\Boot::runCodeIgniter(Object(CodeIgniter\CodeIgniter))
10 FCPATH\index.php(56): CodeIgniter\Boot::bootWeb(Object(Config\Paths))
WARNING - 2024-10-14 18:45:16 --> [DEPRECATED] The PSR-0 `Requests_...` class names in the Requests library are deprecated. Switch to the PSR-4 `WpOrg\Requests\...` class names at your earliest convenience. in VENDORPATH\rmccue\requests\library\Requests.php on line 21.
 1 VENDORPATH\rmccue\requests\library\Requests.php(21): trigger_error('The PSR-0 `Requests_...` class names in the Requests library are deprecated. Switch to the PSR-4 `WpOrg\\Requests\\...` class names at your earliest convenience.', 16384)
 2 VENDORPATH\composer\ClassLoader.php(576): include('C:\\xampp\\htdocs\\Nube\\scopici4\\vendor\\rmccue\\requests\\library\\Requests.php')
 3 VENDORPATH\composer\ClassLoader.php(427): Composer\Autoload\{closure}('C:\\xampp\\htdocs\\Nube\\scopici4\\vendor\\composer/../rmccue/requests/library/Requests.php')
 4 APPPATH\Controllers\Login.php(38): Composer\Autoload\ClassLoader->loadClass('Requests')
 5 SYSTEMPATH\CodeIgniter.php(933): App\Controllers\Login->validaUsuario()
 6 SYSTEMPATH\CodeIgniter.php(509): CodeIgniter\CodeIgniter->runController(Object(App\Controllers\Login))
 7 SYSTEMPATH\CodeIgniter.php(355): CodeIgniter\CodeIgniter->handleRequest(null, Object(Config\Cache), false)
 8 SYSTEMPATH\Boot.php(325): CodeIgniter\CodeIgniter->run()
 9 SYSTEMPATH\Boot.php(67): CodeIgniter\Boot::runCodeIgniter(Object(CodeIgniter\CodeIgniter))
10 FCPATH\index.php(56): CodeIgniter\Boot::bootWeb(Object(Config\Paths))
WARNING - 2024-10-14 18:45:21 --> [DEPRECATED] The PSR-0 `Requests_...` class names in the Requests library are deprecated. Switch to the PSR-4 `WpOrg\Requests\...` class names at your earliest convenience. in VENDORPATH\rmccue\requests\library\Requests.php on line 21.
 1 VENDORPATH\rmccue\requests\library\Requests.php(21): trigger_error('The PSR-0 `Requests_...` class names in the Requests library are deprecated. Switch to the PSR-4 `WpOrg\\Requests\\...` class names at your earliest convenience.', 16384)
 2 VENDORPATH\composer\ClassLoader.php(576): include('C:\\xampp\\htdocs\\Nube\\scopici4\\vendor\\rmccue\\requests\\library\\Requests.php')
 3 VENDORPATH\composer\ClassLoader.php(427): Composer\Autoload\{closure}('C:\\xampp\\htdocs\\Nube\\scopici4\\vendor\\composer/../rmccue/requests/library/Requests.php')
 4 APPPATH\Controllers\Login.php(38): Composer\Autoload\ClassLoader->loadClass('Requests')
 5 SYSTEMPATH\CodeIgniter.php(933): App\Controllers\Login->validaUsuario()
 6 SYSTEMPATH\CodeIgniter.php(509): CodeIgniter\CodeIgniter->runController(Object(App\Controllers\Login))
 7 SYSTEMPATH\CodeIgniter.php(355): CodeIgniter\CodeIgniter->handleRequest(null, Object(Config\Cache), false)
 8 SYSTEMPATH\Boot.php(325): CodeIgniter\CodeIgniter->run()
 9 SYSTEMPATH\Boot.php(67): CodeIgniter\Boot::runCodeIgniter(Object(CodeIgniter\CodeIgniter))
10 FCPATH\index.php(56): CodeIgniter\Boot::bootWeb(Object(Config\Paths))
WARNING - 2024-10-14 18:45:25 --> [DEPRECATED] The PSR-0 `Requests_...` class names in the Requests library are deprecated. Switch to the PSR-4 `WpOrg\Requests\...` class names at your earliest convenience. in VENDORPATH\rmccue\requests\library\Requests.php on line 21.
 1 VENDORPATH\rmccue\requests\library\Requests.php(21): trigger_error('The PSR-0 `Requests_...` class names in the Requests library are deprecated. Switch to the PSR-4 `WpOrg\\Requests\\...` class names at your earliest convenience.', 16384)
 2 VENDORPATH\composer\ClassLoader.php(576): include('C:\\xampp\\htdocs\\Nube\\scopici4\\vendor\\rmccue\\requests\\library\\Requests.php')
 3 VENDORPATH\composer\ClassLoader.php(427): Composer\Autoload\{closure}('C:\\xampp\\htdocs\\Nube\\scopici4\\vendor\\composer/../rmccue/requests/library/Requests.php')
 4 APPPATH\Controllers\Login.php(76): Composer\Autoload\ClassLoader->loadClass('Requests')
 5 SYSTEMPATH\CodeIgniter.php(933): App\Controllers\Login->ponensesion()
 6 SYSTEMPATH\CodeIgniter.php(509): CodeIgniter\CodeIgniter->runController(Object(App\Controllers\Login))
 7 SYSTEMPATH\CodeIgniter.php(355): CodeIgniter\CodeIgniter->handleRequest(null, Object(Config\Cache), false)
 8 SYSTEMPATH\Boot.php(325): CodeIgniter\CodeIgniter->run()
 9 SYSTEMPATH\Boot.php(67): CodeIgniter\Boot::runCodeIgniter(Object(CodeIgniter\CodeIgniter))
10 FCPATH\index.php(56): CodeIgniter\Boot::bootWeb(Object(Config\Paths))
INFO - 2024-10-14 18:45:30 --> Session: Class initialized using 'CodeIgniter\Session\Handlers\DatabaseHandler' driver.
WARNING - 2024-10-14 18:46:35 --> [DEPRECATED] The PSR-0 `Requests_...` class names in the Requests library are deprecated. Switch to the PSR-4 `WpOrg\Requests\...` class names at your earliest convenience. in VENDORPATH\rmccue\requests\library\Requests.php on line 21.
 1 VENDORPATH\rmccue\requests\library\Requests.php(21): trigger_error('The PSR-0 `Requests_...` class names in the Requests library are deprecated. Switch to the PSR-4 `WpOrg\\Requests\\...` class names at your earliest convenience.', 16384)
 2 VENDORPATH\composer\ClassLoader.php(576): include('C:\\xampp\\htdocs\\Nube\\scopici4\\vendor\\rmccue\\requests\\library\\Requests.php')
 3 VENDORPATH\composer\ClassLoader.php(427): Composer\Autoload\{closure}('C:\\xampp\\htdocs\\Nube\\scopici4\\vendor\\composer/../rmccue/requests/library/Requests.php')
 4 APPPATH\Controllers\Login.php(38): Composer\Autoload\ClassLoader->loadClass('Requests')
 5 SYSTEMPATH\CodeIgniter.php(933): App\Controllers\Login->validaUsuario()
 6 SYSTEMPATH\CodeIgniter.php(509): CodeIgniter\CodeIgniter->runController(Object(App\Controllers\Login))
 7 SYSTEMPATH\CodeIgniter.php(355): CodeIgniter\CodeIgniter->handleRequest(null, Object(Config\Cache), false)
 8 SYSTEMPATH\Boot.php(325): CodeIgniter\CodeIgniter->run()
 9 SYSTEMPATH\Boot.php(67): CodeIgniter\Boot::runCodeIgniter(Object(CodeIgniter\CodeIgniter))
10 FCPATH\index.php(56): CodeIgniter\Boot::bootWeb(Object(Config\Paths))
WARNING - 2024-10-14 18:46:37 --> [DEPRECATED] The PSR-0 `Requests_...` class names in the Requests library are deprecated. Switch to the PSR-4 `WpOrg\Requests\...` class names at your earliest convenience. in VENDORPATH\rmccue\requests\library\Requests.php on line 21.
 1 VENDORPATH\rmccue\requests\library\Requests.php(21): trigger_error('The PSR-0 `Requests_...` class names in the Requests library are deprecated. Switch to the PSR-4 `WpOrg\\Requests\\...` class names at your earliest convenience.', 16384)
 2 VENDORPATH\composer\ClassLoader.php(576): include('C:\\xampp\\htdocs\\Nube\\scopici4\\vendor\\rmccue\\requests\\library\\Requests.php')
 3 VENDORPATH\composer\ClassLoader.php(427): Composer\Autoload\{closure}('C:\\xampp\\htdocs\\Nube\\scopici4\\vendor\\composer/../rmccue/requests/library/Requests.php')
 4 APPPATH\Controllers\Login.php(76): Composer\Autoload\ClassLoader->loadClass('Requests')
 5 SYSTEMPATH\CodeIgniter.php(933): App\Controllers\Login->ponensesion()
 6 SYSTEMPATH\CodeIgniter.php(509): CodeIgniter\CodeIgniter->runController(Object(App\Controllers\Login))
 7 SYSTEMPATH\CodeIgniter.php(355): CodeIgniter\CodeIgniter->handleRequest(null, Object(Config\Cache), false)
 8 SYSTEMPATH\Boot.php(325): CodeIgniter\CodeIgniter->run()
 9 SYSTEMPATH\Boot.php(67): CodeIgniter\Boot::runCodeIgniter(Object(CodeIgniter\CodeIgniter))
10 FCPATH\index.php(56): CodeIgniter\Boot::bootWeb(Object(Config\Paths))
INFO - 2024-10-14 18:46:43 --> Session: Class initialized using 'CodeIgniter\Session\Handlers\DatabaseHandler' driver.
ERROR - 2024-10-14 18:46:43 --> mysqli_sql_exception: Duplicate entry 'ci_session:douivroqgo94vg4tumjch44sgs68h' for key 'PRIMARY' in C:\xampp\htdocs\Nube\scopici4\system\Database\MySQLi\Connection.php:312
Stack trace:
#0 C:\xampp\htdocs\Nube\scopici4\system\Database\MySQLi\Connection.php(312): mysqli->query('INSERT INTO `ci...', 0)
#1 C:\xampp\htdocs\Nube\scopici4\system\Database\BaseConnection.php(734): CodeIgniter\Database\MySQLi\Connection->execute('INSERT INTO `ci...')
#2 C:\xampp\htdocs\Nube\scopici4\system\Database\BaseConnection.php(648): CodeIgniter\Database\BaseConnection->simpleQuery('INSERT INTO `ci...')
#3 C:\xampp\htdocs\Nube\scopici4\system\Database\BaseBuilder.php(2340): CodeIgniter\Database\BaseConnection->query('INSERT INTO `ci...', Array, false)
#4 C:\xampp\htdocs\Nube\scopici4\system\Session\Handlers\DatabaseHandler.php(199): CodeIgniter\Database\BaseBuilder->insert(Array)
#5 [internal function]: CodeIgniter\Session\Handlers\DatabaseHandler->write('douivroqgo94vg4...', '__ci_last_regen...')
#6 [internal function]: session_write_close()
#7 {main}
