INFO - 2024-12-04 00:55:32 --> Session: Class initialized using 'CodeIgniter\Session\Handlers\DatabaseHandler' driver.
WARNING - 2024-12-04 00:55:35 --> [DEPRECATED] The PSR-0 `Requests_...` class names in the Requests library are deprecated. Switch to the PSR-4 `WpOrg\Requests\...` class names at your earliest convenience. in VENDORPATH\rmccue\requests\library\Requests.php on line 21.
 1 VENDORPATH\rmccue\requests\library\Requests.php(21): trigger_error('The PSR-0 `Requests_...` class names in the Requests library are deprecated. Switch to the PSR-4 `WpOrg\\Requests\\...` class names at your earliest convenience.', 16384)
 2 VENDORPATH\composer\ClassLoader.php(576): include('C:\\xampp\\htdocs\\Nube\\scopici4\\vendor\\rmccue\\requests\\library\\Requests.php')
 3 VENDORPATH\composer\ClassLoader.php(427): Composer\Autoload\{closure}('C:\\xampp\\htdocs\\Nube\\scopici4\\vendor\\composer/../rmccue/requests/library/Requests.php')
 4 APPPATH\Controllers\Login.php(121): Composer\Autoload\ClassLoader->loadClass('Requests')
 5 SYSTEMPATH\CodeIgniter.php(933): App\Controllers\Login->validaUsuario()
 6 SYSTEMPATH\CodeIgniter.php(509): CodeIgniter\CodeIgniter->runController(Object(App\Controllers\Login))
 7 SYSTEMPATH\CodeIgniter.php(355): CodeIgniter\CodeIgniter->handleRequest(null, Object(Config\Cache), false)
 8 SYSTEMPATH\Boot.php(325): CodeIgniter\CodeIgniter->run()
 9 SYSTEMPATH\Boot.php(67): CodeIgniter\Boot::runCodeIgniter(Object(CodeIgniter\CodeIgniter))
10 FCPATH\index.php(56): CodeIgniter\Boot::bootWeb(Object(Config\Paths))
CRITICAL - 2024-12-04 00:55:45 --> WpOrg\Requests\Exception: cURL error 56: Recv failure: Connection was reset
[Method: POST, Route: login/validaUsuario]
in VENDORPATH\rmccue\requests\src\Transport\Curl.php on line 490.
 1 VENDORPATH\rmccue\requests\src\Transport\Curl.php(219): WpOrg\Requests\Transport\Curl->process_response('', [...])
 2 VENDORPATH\rmccue\requests\src\Requests.php(469): WpOrg\Requests\Transport\Curl->request('http://148.226.12.106/ad/api/front/IsValidUserAD', [...], '{"UserId":"admin","Pwd":"admin"}', [...])
 3 VENDORPATH\rmccue\requests\src\Requests.php(342): WpOrg\Requests\Requests::request('http://148.226.12.106/ad/api/front/IsValidUserAD', [...], '{"UserId":"admin","Pwd":"admin"}', 'POST', [...])
 4 APPPATH\Controllers\Login.php(121): WpOrg\Requests\Requests::post('http://148.226.12.106/ad/api/front/IsValidUserAD', [...], '{"UserId":"admin","Pwd":"admin"}', [...])
 5 SYSTEMPATH\CodeIgniter.php(933): App\Controllers\Login->validaUsuario()
 6 SYSTEMPATH\CodeIgniter.php(509): CodeIgniter\CodeIgniter->runController(Object(App\Controllers\Login))
 7 SYSTEMPATH\CodeIgniter.php(355): CodeIgniter\CodeIgniter->handleRequest(null, Object(Config\Cache), false)
 8 SYSTEMPATH\Boot.php(325): CodeIgniter\CodeIgniter->run()
 9 SYSTEMPATH\Boot.php(67): CodeIgniter\Boot::runCodeIgniter(Object(CodeIgniter\CodeIgniter))
10 FCPATH\index.php(56): CodeIgniter\Boot::bootWeb(Object(Config\Paths))
WARNING - 2024-12-04 00:56:03 --> [DEPRECATED] The PSR-0 `Requests_...` class names in the Requests library are deprecated. Switch to the PSR-4 `WpOrg\Requests\...` class names at your earliest convenience. in VENDORPATH\rmccue\requests\library\Requests.php on line 21.
 1 VENDORPATH\rmccue\requests\library\Requests.php(21): trigger_error('The PSR-0 `Requests_...` class names in the Requests library are deprecated. Switch to the PSR-4 `WpOrg\\Requests\\...` class names at your earliest convenience.', 16384)
 2 VENDORPATH\composer\ClassLoader.php(576): include('C:\\xampp\\htdocs\\Nube\\scopici4\\vendor\\rmccue\\requests\\library\\Requests.php')
 3 VENDORPATH\composer\ClassLoader.php(427): Composer\Autoload\{closure}('C:\\xampp\\htdocs\\Nube\\scopici4\\vendor\\composer/../rmccue/requests/library/Requests.php')
 4 APPPATH\Controllers\Login.php(121): Composer\Autoload\ClassLoader->loadClass('Requests')
 5 SYSTEMPATH\CodeIgniter.php(933): App\Controllers\Login->validaUsuario()
 6 SYSTEMPATH\CodeIgniter.php(509): CodeIgniter\CodeIgniter->runController(Object(App\Controllers\Login))
 7 SYSTEMPATH\CodeIgniter.php(355): CodeIgniter\CodeIgniter->handleRequest(null, Object(Config\Cache), false)
 8 SYSTEMPATH\Boot.php(325): CodeIgniter\CodeIgniter->run()
 9 SYSTEMPATH\Boot.php(67): CodeIgniter\Boot::runCodeIgniter(Object(CodeIgniter\CodeIgniter))
10 FCPATH\index.php(56): CodeIgniter\Boot::bootWeb(Object(Config\Paths))
CRITICAL - 2024-12-04 00:56:13 --> WpOrg\Requests\Exception: cURL error 56: Recv failure: Connection was reset
[Method: POST, Route: login/validaUsuario]
in VENDORPATH\rmccue\requests\src\Transport\Curl.php on line 490.
 1 VENDORPATH\rmccue\requests\src\Transport\Curl.php(219): WpOrg\Requests\Transport\Curl->process_response('', [...])
 2 VENDORPATH\rmccue\requests\src\Requests.php(469): WpOrg\Requests\Transport\Curl->request('http://148.226.12.106/ad/api/front/IsValidUserAD', [...], '{"UserId":"admin","Pwd":"admin"}', [...])
 3 VENDORPATH\rmccue\requests\src\Requests.php(342): WpOrg\Requests\Requests::request('http://148.226.12.106/ad/api/front/IsValidUserAD', [...], '{"UserId":"admin","Pwd":"admin"}', 'POST', [...])
 4 APPPATH\Controllers\Login.php(121): WpOrg\Requests\Requests::post('http://148.226.12.106/ad/api/front/IsValidUserAD', [...], '{"UserId":"admin","Pwd":"admin"}', [...])
 5 SYSTEMPATH\CodeIgniter.php(933): App\Controllers\Login->validaUsuario()
 6 SYSTEMPATH\CodeIgniter.php(509): CodeIgniter\CodeIgniter->runController(Object(App\Controllers\Login))
 7 SYSTEMPATH\CodeIgniter.php(355): CodeIgniter\CodeIgniter->handleRequest(null, Object(Config\Cache), false)
 8 SYSTEMPATH\Boot.php(325): CodeIgniter\CodeIgniter->run()
 9 SYSTEMPATH\Boot.php(67): CodeIgniter\Boot::runCodeIgniter(Object(CodeIgniter\CodeIgniter))
10 FCPATH\index.php(56): CodeIgniter\Boot::bootWeb(Object(Config\Paths))
INFO - 2024-12-04 00:58:14 --> Session: Class initialized using 'CodeIgniter\Session\Handlers\DatabaseHandler' driver.
INFO - 2024-12-04 00:58:14 --> Session: Class initialized using 'CodeIgniter\Session\Handlers\DatabaseHandler' driver.
INFO - 2024-12-04 00:58:38 --> Session: Class initialized using 'CodeIgniter\Session\Handlers\DatabaseHandler' driver.
INFO - 2024-12-04 00:58:38 --> Session: Class initialized using 'CodeIgniter\Session\Handlers\DatabaseHandler' driver.
WARNING - 2024-12-04 00:58:38 --> [DEPRECATED] json_decode(): Passing null to parameter #1 ($json) of type string is deprecated in APPPATH\Models\UsuariosModel.php on line 9.
 1 APPPATH\Models\UsuariosModel.php(9): json_decode(null, true)
 2 APPPATH\Controllers\Usuarios.php(35): App\Models\UsuariosModel->getDatosUsuarios('10', '0', '', 2, 'asc')
 3 SYSTEMPATH\CodeIgniter.php(933): App\Controllers\Usuarios->getUsuarios()
 4 SYSTEMPATH\CodeIgniter.php(509): CodeIgniter\CodeIgniter->runController(Object(App\Controllers\Usuarios))
 5 SYSTEMPATH\CodeIgniter.php(355): CodeIgniter\CodeIgniter->handleRequest(null, Object(Config\Cache), false)
 6 SYSTEMPATH\Boot.php(325): CodeIgniter\CodeIgniter->run()
 7 SYSTEMPATH\Boot.php(67): CodeIgniter\Boot::runCodeIgniter(Object(CodeIgniter\CodeIgniter))
 8 FCPATH\index.php(56): CodeIgniter\Boot::bootWeb(Object(Config\Paths))
INFO - 2024-12-04 00:59:00 --> Session: Class initialized using 'CodeIgniter\Session\Handlers\DatabaseHandler' driver.
WARNING - 2024-12-04 00:59:00 --> [DEPRECATED] json_decode(): Passing null to parameter #1 ($json) of type string is deprecated in APPPATH\Models\UsuariosModel.php on line 9.
 1 APPPATH\Models\UsuariosModel.php(9): json_decode(null, true)
 2 APPPATH\Controllers\Usuarios.php(35): App\Models\UsuariosModel->getDatosUsuarios('10', '0', '', 2, 'asc')
 3 SYSTEMPATH\CodeIgniter.php(933): App\Controllers\Usuarios->getUsuarios()
 4 SYSTEMPATH\CodeIgniter.php(509): CodeIgniter\CodeIgniter->runController(Object(App\Controllers\Usuarios))
 5 SYSTEMPATH\CodeIgniter.php(355): CodeIgniter\CodeIgniter->handleRequest(null, Object(Config\Cache), false)
 6 SYSTEMPATH\Boot.php(325): CodeIgniter\CodeIgniter->run()
 7 SYSTEMPATH\Boot.php(67): CodeIgniter\Boot::runCodeIgniter(Object(CodeIgniter\CodeIgniter))
 8 FCPATH\index.php(56): CodeIgniter\Boot::bootWeb(Object(Config\Paths))
